[debug] [2021-08-15T09:18:50.386Z] ----------------------------------------------------------------------
[debug] [2021-08-15T09:18:50.389Z] Command:       C:\Program Files\nodejs\node.exe C:\Users\Rakasiwi Surya\AppData\Roaming\npm\node_modules\firebase-tools\lib\bin\firebase.js init
[debug] [2021-08-15T09:18:50.390Z] CLI Version:   9.16.0
[debug] [2021-08-15T09:18:50.390Z] Platform:      win32
[debug] [2021-08-15T09:18:50.390Z] Node Version:  v14.15.4
[debug] [2021-08-15T09:18:50.392Z] Time:          Sun Aug 15 2021 16:18:50 GMT+0700 (Western Indonesia Time)
[debug] [2021-08-15T09:18:50.392Z] ----------------------------------------------------------------------
[debug] 
[debug] [2021-08-15T09:18:50.396Z] >>> [apiv2][query] GET https://firebase-public.firebaseio.com/cli.json [none]
[debug] [2021-08-15T09:18:50.424Z] > command requires scopes: ["email","openid","https://www.googleapis.com/auth/cloudplatformprojects.readonly","https://www.googleapis.com/auth/firebase","https://www.googleapis.com/auth/cloud-platform"]
[debug] [2021-08-15T09:18:50.424Z] > authorizing via signed-in user (rakasiwi.surya@gmail.com)
[info] 
     ######## #### ########  ######## ########     ###     ######  ########
     ##        ##  ##     ## ##       ##     ##  ##   ##  ##       ##
     ######    ##  ########  ######   ########  #########  ######  ######
     ##        ##  ##    ##  ##       ##     ## ##     ##       ## ##
     ##       #### ##     ## ######## ########  ##     ##  ######  ########

You're about to initialize a Firebase project in this directory:

  D:\Dicoding\Fundamental Frontend Web Dev\ClubFinder

[debug] [2021-08-15T09:18:51.188Z] <<< [apiv2][status] GET https://firebase-public.firebaseio.com/cli.json 200
[debug] [2021-08-15T09:18:51.189Z] <<< [apiv2][body] GET https://firebase-public.firebaseio.com/cli.json {"cloudBuildErrorAfter":1594252800000,"cloudBuildWarnAfter":1590019200000,"defaultNode10After":1594252800000,"minVersion":"3.0.5","node8DeploysDisabledAfter":1613390400000,"node8RuntimeDisabledAfter":1615809600000,"node8WarnAfter":1600128000000}
